

Processing ProfilesController#mark (for 127.0.0.1 at 2009-06-09 22:58:52) [GET]
  Parameters: {"action"=>"mark", "controller"=>"profiles"}

ActionView::MissingTemplate (Missing template profiles/mark.erb in view path app/views):
  app/controllers/profiles_controller.rb:4:in `mark'
  haml (2.1.0) lib/sass/plugin/rails.rb:19:in `process'

Rendering rescues/layout (internal_server_error)


Processing ProfilesController#mark (for 127.0.0.1 at 2009-06-09 22:59:24) [GET]
  Parameters: {"action"=>"mark", "controller"=>"profiles"}

ActionView::MissingTemplate (Missing template profiles/mark.erb in view path app/views):
  app/controllers/profiles_controller.rb:4:in `mark'
  haml (2.1.0) rails/./lib/sass/plugin/rails.rb:19:in `process'

Rendering rescues/layout (internal_server_error)


Processing ProfilesController#mark (for 127.0.0.1 at 2009-06-09 22:59:37) [GET]
  Parameters: {"action"=>"mark", "controller"=>"profiles"}
Rendering profiles/mark
Completed in 461ms (View: 459, DB: 0) | 200 OK [http://localhost/profiles/mark]


Processing ProfilesController#mark (for 127.0.0.1 at 2009-06-09 23:00:26) [GET]
  Parameters: {"action"=>"mark", "controller"=>"profiles"}
Rendering profiles/mark

ActionView::TemplateError (undefined method `img_tag' for #<ActionView::Base:0x25c84f4>) on line #3 of app/views/profiles/mark.html.haml:
1: = img_tag 'http://www.gravatar.com/avatar/a85de1a89629d2d18821ea25d82e7e63.jpg'
2:   
3: %h1
4:   Mark Percival

    app/views/profiles/mark.html.haml:3:in `_run_haml_app47views47profiles47mark46html46haml'
    haml (2.1.0) lib/haml/helpers/action_view_mods.rb:14:in `render'
    app/controllers/profiles_controller.rb:4:in `mark'
    haml (2.1.0) rails/./lib/sass/plugin/rails.rb:19:in `process'

Rendered rescues/_trace (45.5ms)
Rendered rescues/_request_and_response (1.7ms)
Rendering rescues/layout (internal_server_error)


Processing ProfilesController#mark (for 127.0.0.1 at 2009-06-09 23:00:34) [GET]
  Parameters: {"action"=>"mark", "controller"=>"profiles"}
Rendering profiles/mark
Completed in 6ms (View: 4, DB: 0) | 200 OK [http://localhost/profiles/mark]


Processing ProfilesController#mark (for 127.0.0.1 at 2009-06-09 23:01:38) [GET]
  Parameters: {"action"=>"mark", "controller"=>"profiles"}
Rendering profiles/mark
Completed in 11ms (View: 6, DB: 0) | 200 OK [http://localhost/profiles/mark]


Processing ProfilesController#mark (for 127.0.0.1 at 2009-06-09 23:03:31) [GET]
  Parameters: {"action"=>"mark", "controller"=>"profiles"}
Rendering profiles/mark
Completed in 94ms (View: 92, DB: 0) | 200 OK [http://localhost/profiles/mark]


Processing ProfilesController#mark (for 127.0.0.1 at 2009-06-09 23:03:51) [GET]
  Parameters: {"action"=>"mark", "controller"=>"profiles"}
Rendering profiles/mark
Completed in 8ms (View: 6, DB: 0) | 200 OK [http://localhost/profiles/mark]


Processing ProfilesController#mark (for 127.0.0.1 at 2009-06-09 23:04:30) [GET]
  Parameters: {"action"=>"mark", "controller"=>"profiles"}
Rendering profiles/mark
Completed in 7ms (View: 5, DB: 0) | 200 OK [http://localhost/profiles/mark]


Processing ProfilesController#mark (for 127.0.0.1 at 2009-06-09 23:04:32) [GET]
  Parameters: {"action"=>"mark", "controller"=>"profiles"}
Rendering profiles/mark
Completed in 4ms (View: 2, DB: 0) | 200 OK [http://localhost/profiles/mark]


Processing ProfilesController#mark (for 127.0.0.1 at 2009-06-09 23:09:51) [GET]
  Parameters: {"action"=>"mark", "controller"=>"profiles"}
Rendering profiles/mark
Completed in 8ms (View: 6, DB: 0) | 200 OK [http://localhost/profiles/mark]


Processing ProfilesController#mark (for 127.0.0.1 at 2009-06-09 23:11:59) [GET]
  Parameters: {"action"=>"mark", "controller"=>"profiles"}
Rendering profiles/mark
Completed in 2ms (View: 1, DB: 0) | 200 OK [http://localhost/profiles/mark]


Processing ProfilesController#mark (for 127.0.0.1 at 2009-06-09 23:12:33) [GET]
  Parameters: {"action"=>"mark", "controller"=>"profiles"}
Rendering profiles/mark
Completed in 7ms (View: 5, DB: 0) | 200 OK [http://localhost/profiles/mark]


Processing ProfilesController#mark (for 127.0.0.1 at 2009-06-09 23:13:41) [GET]
  Parameters: {"action"=>"mark", "controller"=>"profiles"}
Rendering template within layouts/application
Rendering profiles/mark
Completed in 14ms (View: 10, DB: 0) | 200 OK [http://localhost/profiles/mark]


Processing ProfilesController#mark (for 127.0.0.1 at 2009-06-09 23:14:08) [GET]
  Parameters: {"action"=>"mark", "controller"=>"profiles"}
Rendering template within layouts/application
Rendering profiles/mark
Completed in 93ms (View: 91, DB: 0) | 200 OK [http://localhost/profiles/mark]


Processing ProfilesController#mark (for 127.0.0.1 at 2009-06-09 23:52:14) [GET]
  Parameters: {"action"=>"mark", "controller"=>"profiles"}
Rendering template within layouts/application
Rendering profiles/mark
Completed in 4ms (View: 2, DB: 0) | 200 OK [http://localhost/profiles/mark]


Processing ProfilesController#mark (for 127.0.0.1 at 2009-06-10 00:08:59) [GET]
  Parameters: {"action"=>"mark", "controller"=>"profiles"}
Rendering template within layouts/application
Rendering profiles/mark
Completed in 10ms (View: 8, DB: 0) | 200 OK [http://localhost/profiles/mark]


Processing ProfilesController#mark (for 127.0.0.1 at 2009-06-10 00:09:59) [GET]
  Parameters: {"action"=>"mark", "controller"=>"profiles"}
Rendering template within layouts/application
Rendering profiles/mark
Completed in 8ms (View: 6, DB: 0) | 200 OK [http://localhost/profiles/mark]


Processing ProfilesController#mark (for 127.0.0.1 at 2009-06-10 00:10:20) [GET]
  Parameters: {"action"=>"mark", "controller"=>"profiles"}
Rendering template within layouts/application
Rendering profiles/mark
Completed in 7ms (View: 5, DB: 0) | 200 OK [http://localhost/profiles/mark]


Processing ProfilesController#mark (for 127.0.0.1 at 2009-06-10 00:10:59) [GET]
  Parameters: {"action"=>"mark", "controller"=>"profiles"}
Rendering template within layouts/application
Rendering profiles/mark
Completed in 7ms (View: 6, DB: 0) | 200 OK [http://localhost/profiles/mark]


Processing ProfilesController#mark (for 127.0.0.1 at 2009-06-10 00:11:05) [GET]
  Parameters: {"action"=>"mark", "controller"=>"profiles"}
Rendering template within layouts/application
Rendering profiles/mark
Completed in 8ms (View: 6, DB: 0) | 200 OK [http://localhost/profiles/mark]
  [4;36;1mSQL (0.3ms)[0m   [0;1mSET SQL_AUTO_IS_NULL=0[0m
  [4;35;1mSQL (0.5ms)[0m   [0mSHOW TABLES[0m
  [4;36;1mSQL (108.3ms)[0m   [0;1mCREATE TABLE `schema_migrations` (`version` varchar(255) NOT NULL) ENGINE=InnoDB[0m
  [4;35;1mSQL (109.3ms)[0m   [0mCREATE UNIQUE INDEX `unique_schema_migrations` ON `schema_migrations` (`version`)[0m
  [4;36;1mSQL (0.4ms)[0m   [0;1mSHOW TABLES[0m
  [4;35;1mSQL (0.4ms)[0m   [0mSELECT version FROM schema_migrations[0m
Migrating to CreateUsers (20090608162744)
  [4;36;1mSQL (3.2ms)[0m   [0;1mCREATE TABLE `users` (`id` int(11) DEFAULT NULL auto_increment PRIMARY KEY, `username` varchar(255), `email` varchar(255), `password` varchar(255), `password_confirmation` varchar(255), `created_at` datetime, `updated_at` datetime) ENGINE=InnoDB[0m
  [4;35;1mSQL (0.8ms)[0m   [0mINSERT INTO schema_migrations (version) VALUES ('20090608162744')[0m
Migrating to CreateProfiles (20090610021930)
  [4;36;1mSQL (2.3ms)[0m   [0;1mCREATE TABLE `profiles` (`id` int(11) DEFAULT NULL auto_increment PRIMARY KEY, `created_at` datetime, `updated_at` datetime) ENGINE=InnoDB[0m
  [4;35;1mSQL (0.6ms)[0m   [0mINSERT INTO schema_migrations (version) VALUES ('20090610021930')[0m
  [4;36;1mSQL (0.5ms)[0m   [0;1mSHOW TABLES[0m
  [4;35;1mSQL (0.2ms)[0m   [0mSELECT version FROM schema_migrations[0m
  [4;36;1mSQL (0.4ms)[0m   [0;1mSHOW TABLES[0m
  [4;35;1mSQL (2.4ms)[0m   [0mSHOW FIELDS FROM `profiles`[0m
  [4;36;1mSQL (1.9ms)[0m   [0;1mdescribe `profiles`[0m
  [4;35;1mSQL (0.4ms)[0m   [0mSHOW KEYS FROM `profiles`[0m
  [4;36;1mSQL (1.8ms)[0m   [0;1mSHOW FIELDS FROM `users`[0m
  [4;35;1mSQL (1.7ms)[0m   [0mdescribe `users`[0m
  [4;36;1mSQL (0.4ms)[0m   [0;1mSHOW KEYS FROM `users`[0m
  [4;36;1mSQL (0.3ms)[0m   [0;1mSET SQL_AUTO_IS_NULL=0[0m
  [4;35;1mSQL (0.6ms)[0m   [0mSHOW TABLES[0m
  [4;36;1mSQL (9.5ms)[0m   [0;1mCREATE TABLE `links` (`id` int(11) DEFAULT NULL auto_increment PRIMARY KEY, `destination` varchar(255), `type` varchar(255), `contact_id` int(11), `created_at` datetime, `updated_at` datetime) ENGINE=InnoDB[0m
  [4;35;1mSQL (6.0ms)[0m   [0mSHOW TABLES[0m
  [4;36;1mSQL (24.8ms)[0m   [0;1mDROP TABLE `users`[0m
  [4;35;1mSQL (11.3ms)[0m   [0mCREATE TABLE `users` (`id` int(11) DEFAULT NULL auto_increment PRIMARY KEY, `email` varchar(255), `crypted_password` varchar(255), `password_salt` varchar(255), `persistence_token` varchar(255), `single_access_token` varchar(255), `perishable_token` varchar(255)) ENGINE=InnoDB[0m
  [4;36;1mSQL (0.5ms)[0m   [0;1mSHOW TABLES[0m
  [4;35;1mSQL (3.6ms)[0m   [0mCREATE TABLE `contact` (`id` int(11) DEFAULT NULL auto_increment PRIMARY KEY, `phone_office` varchar(255), `phone_mobile` varchar(255), `phone_fax` varchar(255), `address1` varchar(255), `address2` varchar(255), `city` varchar(255), `state` varchar(255), `country` varchar(255), `postal_code` varchar(255), `company` varchar(255), `url` varchar(255), `user_id` int(11)) ENGINE=InnoDB[0m
  [4;36;1mSQL (0.7ms)[0m   [0;1mSHOW TABLES[0m
  [4;35;1mSQL (0.3ms)[0m   [0mSELECT version FROM `schema_migrations`[0m
  [4;36;1mSQL (0.3ms)[0m   [0;1mSET SQL_AUTO_IS_NULL=0[0m
  [4;35;1mSQL (0.6ms)[0m   [0mSHOW TABLES[0m
  [4;36;1mSQL (25.0ms)[0m   [0;1mDROP TABLE `links`[0m
  [4;35;1mSQL (23.0ms)[0m   [0mCREATE TABLE `links` (`id` int(11) DEFAULT NULL auto_increment PRIMARY KEY, `destination` varchar(255), `type` varchar(255), `contact_id` int(11), `created_at` datetime, `updated_at` datetime) ENGINE=InnoDB[0m
  [4;36;1mSQL (0.5ms)[0m   [0;1mSHOW TABLES[0m
  [4;35;1mSQL (2.0ms)[0m   [0mDROP TABLE `users`[0m
  [4;36;1mSQL (2.9ms)[0m   [0;1mCREATE TABLE `users` (`id` int(11) DEFAULT NULL auto_increment PRIMARY KEY, `email` varchar(255), `crypted_password` varchar(255), `password_salt` varchar(255), `persistence_token` varchar(255), `single_access_token` varchar(255), `perishable_token` varchar(255)) ENGINE=InnoDB[0m
  [4;35;1mSQL (0.4ms)[0m   [0mSHOW TABLES[0m
  [4;36;1mSQL (1.6ms)[0m   [0;1mDROP TABLE `contact`[0m
  [4;35;1mSQL (13.3ms)[0m   [0mCREATE TABLE `contact` (`id` int(11) DEFAULT NULL auto_increment PRIMARY KEY, `phone_office` varchar(255), `phone_mobile` varchar(255), `phone_fax` varchar(255), `address1` varchar(255), `address2` varchar(255), `city` varchar(255), `state` varchar(255), `country` varchar(255), `postal_code` varchar(255), `company` varchar(255), `url` varchar(255), `user_id` int(11)) ENGINE=InnoDB[0m
  [4;36;1mSQL (3.3ms)[0m   [0;1mCREATE TABLE `mobile_sessions` (`id` int(11) DEFAULT NULL auto_increment PRIMARY KEY, `cookie` varchar(255), `user_agent` varchar(255), `contact_id` int(11), `created_at` datetime, `updated_at` datetime) ENGINE=InnoDB[0m
  [4;35;1mSQL (2.0ms)[0m   [0mCREATE TABLE `actions` (`id` int(11) DEFAULT NULL auto_increment PRIMARY KEY, `mobile_session_id` int(11), `description` varchar(255), `created_at` datetime, `updated_at` datetime) ENGINE=InnoDB[0m
  [4;36;1mSQL (0.5ms)[0m   [0;1mSHOW TABLES[0m
  [4;35;1mSQL (0.2ms)[0m   [0mSELECT version FROM `schema_migrations`[0m
